2026-05-29 11:52:44,812 - main.views - INFO - 用户访问首页
2026-05-29 11:53:04,846 - main.views - INFO - 精神值计算完成 - 节点:2, 影响值:1, 权重:1.5, 变化值:1.5, 新精神值:1.5
2026-05-29 11:53:22,283 - main.views - INFO - 精神值计算完成 - 节点:3, 影响值:-2, 权重:1.5, 变化值:-3.0, 新精神值:-2.0
2026-05-29 11:53:29,562 - main.views - INFO - 精神值计算完成 - 节点:4, 影响值:2, 权重:1, 变化值:2, 新精神值:0
2026-05-29 11:53:40,845 - main.views - INFO - 精神值计算完成 - 节点:5, 影响值:2, 权重:1, 变化值:2, 新精神值:2
2026-05-29 11:53:51,942 - main.views - INFO - 精神值计算完成 - 节点:6, 影响值:2, 权重:2, 变化值:4, 新精神值:6
2026-05-29 11:54:00,999 - main.views - INFO - 精神值计算完成 - 节点:7, 影响值:1, 权重:2.5, 变化值:4.5, 新精神值:10.5
2026-05-29 11:54:10,834 - main.views - INFO - 精神值计算完成 - 节点:8, 影响值:-3, 权重:3, 变化值:-9, 新精神值:1
2026-05-29 11:54:23,853 - main.views - INFO - 精神值计算完成 - 节点:9, 影响值:3, 权重:3.5, 变化值:12.5, 新精神值:13.5
2026-05-29 11:54:33,065 - main.views - INFO - 精神值计算完成 - 节点:10, 影响值:-4, 权重:4, 变化值:-16, 新精神值:-3
2026-05-29 11:54:42,127 - main.views - ERROR - 无效的节点编号: 11
2026-05-29 11:54:42,127 - django.request - WARNING - Bad Request: /api/calculate-spirit/
2026-05-29 11:55:10,154 - main.views - INFO - 精神值计算完成 - 节点:2, 影响值:1, 权重:1.5, 变化值:1.5, 新精神值:1.5
2026-05-29 11:55:26,814 - main.views - INFO - 精神值计算完成 - 节点:3, 影响值:1, 权重:1.5, 变化值:1.5, 新精神值:2.5
2026-05-29 11:55:36,568 - main.views - INFO - 精神值计算完成 - 节点:4, 影响值:2, 权重:1, 变化值:2, 新精神值:4
2026-05-29 11:55:47,568 - main.views - INFO - 精神值计算完成 - 节点:5, 影响值:1, 权重:1, 变化值:1, 新精神值:5
2026-05-29 11:55:57,611 - main.views - INFO - 精神值计算完成 - 节点:6, 影响值:2, 权重:2, 变化值:4, 新精神值:9
2026-05-29 11:56:07,321 - main.views - INFO - 精神值计算完成 - 节点:7, 影响值:3, 权重:2.5, 变化值:9.5, 新精神值:18.5
2026-05-29 11:56:14,763 - main.views - INFO - 精神值计算完成 - 节点:8, 影响值:4, 权重:3, 变化值:14, 新精神值:32
2026-05-29 11:56:24,280 - main.views - INFO - 精神值计算完成 - 节点:9, 影响值:4, 权重:3.5, 变化值:16.0, 新精神值:48.0
2026-05-29 11:56:30,318 - main.views - INFO - 精神值计算完成 - 节点:10, 影响值:5, 权重:4, 变化值:22, 新精神值:70
2026-05-29 11:56:37,527 - main.views - ERROR - 无效的节点编号: 11
2026-05-29 11:56:37,527 - django.request - WARNING - Bad Request: /api/calculate-spirit/
2026-05-29 14:27:52,880 - main.views - INFO - 用户访问首页
2026-05-29 14:28:30,596 - main.views - INFO - 精神值计算完成 - 节点:2, 影响值:2, 权重:1.5, 变化值:3.0, 新精神值:3.0
2026-05-29 14:28:47,815 - main.views - INFO - 精神值计算完成 - 节点:3, 影响值:3, 权重:1.5, 变化值:4.5, 新精神值:7.5
2026-05-29 14:28:56,408 - main.views - INFO - 精神值计算完成 - 节点:4, 影响值:0, 权重:1, 变化值:0, 新精神值:7
2026-05-29 14:29:06,826 - main.views - INFO - 精神值计算完成 - 节点:5, 影响值:2, 权重:1, 变化值:2, 新精神值:9
2026-05-29 14:29:15,626 - main.views - INFO - 精神值计算完成 - 节点:6, 影响值:2, 权重:2, 变化值:4, 新精神值:13
2026-05-29 14:29:22,873 - main.views - INFO - 精神值计算完成 - 节点:7, 影响值:3, 权重:2.5, 变化值:9.5, 新精神值:22.5
2026-05-29 14:29:29,715 - main.views - INFO - 精神值计算完成 - 节点:8, 影响值:1, 权重:3, 变化值:5, 新精神值:27
2026-05-29 14:29:38,789 - main.views - INFO - 精神值计算完成 - 节点:9, 影响值:4, 权重:3.5, 变化值:16.0, 新精神值:43.0
2026-05-29 14:29:46,553 - main.views - INFO - 精神值计算完成 - 节点:10, 影响值:5, 权重:4, 变化值:22, 新精神值:65
2026-05-29 14:29:53,356 - main.views - ERROR - 无效的节点编号: 11
2026-05-29 14:29:53,356 - django.request - WARNING - Bad Request: /api/calculate-spirit/
2026-05-29 14:44:29,018 - main.views - INFO - 用户访问首页
2026-05-29 16:12:58,189 - main.views - INFO - 精神值计算完成 - 节点:2, 影响值:2, 权重:1.5, 变化值:3.0, 新精神值:3.0
2026-05-29 16:13:15,151 - main.views - INFO - 精神值计算完成 - 节点:3, 影响值:1, 权重:1.5, 变化值:1.5, 新精神值:4.5
2026-05-29 16:13:25,211 - main.views - INFO - 精神值计算完成 - 节点:4, 影响值:3, 权重:1, 变化值:3, 新精神值:7
2026-05-29 16:13:36,088 - main.views - INFO - 精神值计算完成 - 节点:5, 影响值:1, 权重:1, 变化值:1, 新精神值:8
2026-05-29 16:13:44,886 - main.views - INFO - 精神值计算完成 - 节点:6, 影响值:0, 权重:2, 变化值:0, 新精神值:8
2026-05-29 16:13:53,763 - main.views - INFO - 精神值计算完成 - 节点:7, 影响值:3, 权重:2.5, 变化值:9.5, 新精神值:17.5
2026-05-29 16:14:00,174 - main.views - INFO - 精神值计算完成 - 节点:8, 影响值:4, 权重:3, 变化值:14, 新精神值:31
2026-05-29 16:14:09,550 - main.views - INFO - 精神值计算完成 - 节点:9, 影响值:3, 权重:3.5, 变化值:12.5, 新精神值:43.5
2026-05-29 16:14:15,811 - main.views - INFO - 精神值计算完成 - 节点:10, 影响值:5, 权重:4, 变化值:22, 新精神值:65
2026-05-29 16:14:21,668 - main.views - ERROR - 无效的节点编号: 11
2026-05-29 16:14:21,671 - django.request - WARNING - Bad Request: /api/calculate-spirit/
